<?xml version="1.0" encoding="UTF-8"?>
<!-- Generated by org.testng.reporters.JUnitXMLReporter -->
<testsuite hostname="William-PC" ignored="0" name="10DayWeatherForeCast" tests="1" failures="1" timestamp="20 Apr 2018 08:56:02 GMT" time="31.579" errors="0">
  <testcase name="test" time="30.046" classname="com.testcases.Day1">
    <failure type="java.lang.AssertionError" message="The following asserts failed:
	expected [34] but found [36],
	expected [--] but found [59],
	expected [62] but found [43],
	expected [2] but found [8],
	expected [NW] but found [NE],
	Test Failed">
      <![CDATA[java.lang.AssertionError: The following asserts failed:
	expected [34] but found [36],
	expected [--] but found [59],
	expected [62] but found [43],
	expected [2] but found [8],
	expected [NW] but found [NE],
	Test Failed
	at com.testcases.Day1.test(Day1.java:203)
... Removed 26 stack frames]]>
    </failure>
  </testcase> <!-- test -->
</testsuite> <!-- 10DayWeatherForeCast -->
