<?xml version="1.0" encoding="UTF-8"?>
<!-- Generated by org.testng.reporters.JUnitXMLReporter -->
<testsuite hostname="William-PC" ignored="0" name="Day2" tests="1" failures="1" timestamp="20 Apr 2018 09:02:20 GMT" time="16.676" errors="0">
  <testcase name="test" time="15.138" classname="com.testcases.Day2">
    <failure type="java.lang.AssertionError" message="The following asserts failed:
	expected [37] but found [39],
	expected [50] but found [55],
	expected [Cloudy] but found [Overcast],
	expected [56] but found [46],
	expected [6] but found [8]">
      <![CDATA[java.lang.AssertionError: The following asserts failed:
	expected [37] but found [39],
	expected [50] but found [55],
	expected [Cloudy] but found [Overcast],
	expected [56] but found [46],
	expected [6] but found [8]
	at com.testcases.Day2.test(Day2.java:203)
... Removed 26 stack frames]]>
    </failure>
  </testcase> <!-- test -->
</testsuite> <!-- Day2 -->
