<?xml version="1.0" encoding="UTF-8"?>
<!-- Generated by org.testng.reporters.JUnitXMLReporter -->
<testsuite hostname="William-PC" ignored="0" name="Day3" tests="1" failures="1" timestamp="20 Apr 2018 09:02:36 GMT" time="16.31" errors="0">
  <testcase name="test" time="14.786" classname="com.testcases.Day3">
    <failure type="java.lang.AssertionError" message="The following asserts failed:
	expected [50] but found [58],
	expected [62] but found [48],
	expected [12] but found [11],
	Test Failed">
      <![CDATA[java.lang.AssertionError: The following asserts failed:
	expected [50] but found [58],
	expected [62] but found [48],
	expected [12] but found [11],
	Test Failed
	at com.testcases.Day3.test(Day3.java:203)
... Removed 26 stack frames]]>
    </failure>
  </testcase> <!-- test -->
</testsuite> <!-- Day3 -->
