<?xml version="1.0" encoding="UTF-8"?>
<!-- Generated by org.testng.reporters.JUnitXMLReporter -->
<testsuite hostname="William-PC" ignored="0" name="Day5" tests="1" failures="1" timestamp="20 Apr 2018 09:03:14 GMT" time="17.847" errors="0">
  <testcase name="test" time="16.338" classname="com.testcases.Day5">
    <failure type="java.lang.AssertionError" message="The following asserts failed:
	expected [54] but found [62],
	expected [77] but found [67],
	expected [E] but found [ENE]">
      <![CDATA[java.lang.AssertionError: The following asserts failed:
	expected [54] but found [62],
	expected [77] but found [67],
	expected [E] but found [ENE]
	at com.testcases.Day5.test(Day5.java:203)
... Removed 26 stack frames]]>
    </failure>
  </testcase> <!-- test -->
</testsuite> <!-- Day5 -->
