<?xml version="1.0" encoding="UTF-8"?>
<!-- Generated by org.testng.reporters.JUnitXMLReporter -->
<testsuite hostname="William-PC" ignored="0" name="Day6" tests="1" failures="1" timestamp="20 Apr 2018 09:03:31 GMT" time="16.941" errors="0">
  <testcase name="test" time="15.416" classname="com.testcases.Day6">
    <failure type="java.lang.AssertionError" message="The following asserts failed:
	expected [40] but found [38],
	expected [48] but found [51],
	expected [AM Showers] but found [Chance of Rain],
	expected [74] but found [66],
	expected [NNW] but found [NNE]">
      <![CDATA[java.lang.AssertionError: The following asserts failed:
	expected [40] but found [38],
	expected [48] but found [51],
	expected [AM Showers] but found [Chance of Rain],
	expected [74] but found [66],
	expected [NNW] but found [NNE]
	at com.testcases.Day6.test(Day6.java:203)
... Removed 26 stack frames]]>
    </failure>
  </testcase> <!-- test -->
</testsuite> <!-- Day6 -->
