<?xml version="1.0" encoding="UTF-8"?>
<!-- Generated by org.testng.reporters.JUnitXMLReporter -->
<testsuite hostname="William-PC" ignored="0" name="Day7" tests="1" failures="1" timestamp="20 Apr 2018 09:03:48 GMT" time="17.221" errors="0">
  <testcase name="test" time="15.691" classname="com.testcases.Day7">
    <failure type="java.lang.AssertionError" message="The following asserts failed:
	expected [43] but found [44],
	expected [54] but found [61],
	expected [Mostly Sunny] but found [Clear],
	expected [62] but found [54]">
      <![CDATA[java.lang.AssertionError: The following asserts failed:
	expected [43] but found [44],
	expected [54] but found [61],
	expected [Mostly Sunny] but found [Clear],
	expected [62] but found [54]
	at com.testcases.Day7.test(Day7.java:203)
... Removed 26 stack frames]]>
    </failure>
  </testcase> <!-- test -->
</testsuite> <!-- Day7 -->
