<?xml version="1.0" encoding="UTF-8"?>
<!-- Generated by org.testng.reporters.JUnitXMLReporter -->
<testsuite hostname="William-PC" ignored="0" name="Day8" tests="1" failures="1" timestamp="20 Apr 2018 09:04:04 GMT" time="16.243" errors="0">
  <testcase name="test" time="14.711" classname="com.testcases.Day8">
    <failure type="java.lang.AssertionError" message="The following asserts failed:
	expected [46] but found [43],
	expected [59] but found [63],
	expected [Mostly Sunny] but found [Clear],
	expected [60] but found [55],
	expected [11] but found [12],
	expected [SW] but found [NW],
	Test Failed">
      <![CDATA[java.lang.AssertionError: The following asserts failed:
	expected [46] but found [43],
	expected [59] but found [63],
	expected [Mostly Sunny] but found [Clear],
	expected [60] but found [55],
	expected [11] but found [12],
	expected [SW] but found [NW],
	Test Failed
	at com.testcases.Day8.test(Day8.java:203)
... Removed 26 stack frames]]>
    </failure>
  </testcase> <!-- test -->
</testsuite> <!-- Day8 -->
